<?xml version="1.0" encoding="UTF-8"?>
<!-- Generated by org.testng.reporters.JUnitXMLReporter -->
<testsuite ignored="0" hostname="DESKTOP-MQ3HC9C" failures="0" tests="6" name="Default test" time="8.021" errors="0" timestamp="2024-04-28T23:30:33 IST">
  <testcase classname="api.test.DataDrivenTest" name="testPostUser" time="1.959"/>
  <testcase classname="api.test.DataDrivenTest" name="testPostUser" time="1.105"/>
  <testcase classname="api.test.DataDrivenTest" name="testPostUser" time="1.127"/>
  <testcase classname="api.test.DataDrivenTest" name="testDeleteUserByName" time="1.121"/>
  <testcase classname="api.test.DataDrivenTest" name="testDeleteUserByName" time="1.132"/>
  <testcase classname="api.test.DataDrivenTest" name="testDeleteUserByName" time="1.056"/>
</testsuite> <!-- Default test -->
