<?xml version="1.0" encoding="UTF-8"?>
<testng-results ignored="0" total="4" passed="4" failed="0" skipped="0">
  <reporter-output>
  </reporter-output>
  <suite started-at="2024-04-29T14:34:22 IST" name="PetSuite" finished-at="2024-04-29T14:34:29 IST" duration-ms="6485">
    <groups>
    </groups>
    <test started-at="2024-04-29T14:34:22 IST" name="PetTest" finished-at="2024-04-29T14:34:29 IST" duration-ms="6485">
      <class name="api.test.UserTestThroughPropertiesFile">
        <test-method is-config="true" signature="setup()[pri:0, instance:api.test.UserTestThroughPropertiesFile@47af7f3d]" started-at="2024-04-29T14:34:22 IST" name="setup" finished-at="2024-04-29T14:34:22 IST" duration-ms="274" status="PASS">
          <reporter-output>
          </reporter-output>
        </test-method> <!-- setup -->
        <test-method signature="testPostUser()[pri:0, instance:api.test.UserTestThroughPropertiesFile@47af7f3d]" started-at="2024-04-29T14:34:22 IST" name="testPostUser" finished-at="2024-04-29T14:34:24 IST" duration-ms="1737" status="PASS">
          <reporter-output>
          </reporter-output>
        </test-method> <!-- testPostUser -->
        <test-method signature="testGetUser()[pri:1, instance:api.test.UserTestThroughPropertiesFile@47af7f3d]" started-at="2024-04-29T14:34:24 IST" name="testGetUser" finished-at="2024-04-29T14:34:25 IST" duration-ms="1135" status="PASS">
          <reporter-output>
          </reporter-output>
        </test-method> <!-- testGetUser -->
        <test-method signature="testUpdateUserByName()[pri:2, instance:api.test.UserTestThroughPropertiesFile@47af7f3d]" started-at="2024-04-29T14:34:25 IST" name="testUpdateUserByName" finished-at="2024-04-29T14:34:27 IST" duration-ms="2170" status="PASS">
          <reporter-output>
          </reporter-output>
        </test-method> <!-- testUpdateUserByName -->
        <test-method signature="testDeleteByName()[pri:3, instance:api.test.UserTestThroughPropertiesFile@47af7f3d]" started-at="2024-04-29T14:34:27 IST" name="testDeleteByName" finished-at="2024-04-29T14:34:29 IST" duration-ms="1080" status="PASS">
          <reporter-output>
          </reporter-output>
        </test-method> <!-- testDeleteByName -->
      </class> <!-- api.test.UserTestThroughPropertiesFile -->
    </test> <!-- PetTest -->
  </suite> <!-- PetSuite -->
</testng-results>
