<?xml version="1.0" encoding="UTF-8"?>
<testng-results ignored="0" total="4" passed="4" failed="0" skipped="0">
  <reporter-output>
  </reporter-output>
  <suite started-at="2024-04-29T13:35:59 IST" name="PetSuite" finished-at="2024-04-29T13:36:05 IST" duration-ms="6781">
    <groups>
    </groups>
    <test started-at="2024-04-29T13:35:59 IST" name="PetTest" finished-at="2024-04-29T13:36:05 IST" duration-ms="6781">
      <class name="api.test.UserTestThroughPropertiesFile">
        <test-method is-config="true" signature="setup()[pri:0, instance:api.test.UserTestThroughPropertiesFile@58cbafc2]" started-at="2024-04-29T13:35:59 IST" name="setup" finished-at="2024-04-29T13:35:59 IST" duration-ms="312" status="PASS">
          <reporter-output>
          </reporter-output>
        </test-method> <!-- setup -->
        <test-method signature="testPostUser()[pri:0, instance:api.test.UserTestThroughPropertiesFile@58cbafc2]" started-at="2024-04-29T13:35:59 IST" name="testPostUser" finished-at="2024-04-29T13:36:01 IST" duration-ms="1904" status="PASS">
          <reporter-output>
          </reporter-output>
        </test-method> <!-- testPostUser -->
        <test-method signature="testGetUser()[pri:1, instance:api.test.UserTestThroughPropertiesFile@58cbafc2]" started-at="2024-04-29T13:36:01 IST" name="testGetUser" finished-at="2024-04-29T13:36:02 IST" duration-ms="1163" status="PASS">
          <reporter-output>
          </reporter-output>
        </test-method> <!-- testGetUser -->
        <test-method signature="testUpdateUserByName()[pri:2, instance:api.test.UserTestThroughPropertiesFile@58cbafc2]" started-at="2024-04-29T13:36:02 IST" name="testUpdateUserByName" finished-at="2024-04-29T13:36:04 IST" duration-ms="2180" status="PASS">
          <reporter-output>
          </reporter-output>
        </test-method> <!-- testUpdateUserByName -->
        <test-method signature="testDeleteByName()[pri:3, instance:api.test.UserTestThroughPropertiesFile@58cbafc2]" started-at="2024-04-29T13:36:04 IST" name="testDeleteByName" finished-at="2024-04-29T13:36:05 IST" duration-ms="1090" status="PASS">
          <reporter-output>
          </reporter-output>
        </test-method> <!-- testDeleteByName -->
      </class> <!-- api.test.UserTestThroughPropertiesFile -->
    </test> <!-- PetTest -->
  </suite> <!-- PetSuite -->
</testng-results>
