<?xml version="1.0" encoding="UTF-8"?>
<!-- Generated by org.testng.reporters.JUnitXMLReporter -->
<testsuite ignored="0" hostname="DESKTOP-MQ3HC9C" failures="0" tests="4" name="PetTest" time="6.485" errors="0" timestamp="2024-04-29T14:34:29 IST">
  <testcase classname="api.test.UserTestThroughPropertiesFile" name="testPostUser" time="1.737"/>
  <testcase classname="api.test.UserTestThroughPropertiesFile" name="testGetUser" time="1.135"/>
  <testcase classname="api.test.UserTestThroughPropertiesFile" name="testUpdateUserByName" time="2.17"/>
  <testcase classname="api.test.UserTestThroughPropertiesFile" name="testDeleteByName" time="1.08"/>
</testsuite> <!-- PetTest -->
