<?xml version="1.0" encoding="UTF-8"?>
<!-- Generated by org.testng.reporters.JUnitXMLReporter -->
<testsuite ignored="0" hostname="DESKTOP-MQ3HC9C" failures="0" tests="4" name="PetTest" time="6.781" errors="0" timestamp="2024-04-29T13:36:06 IST">
  <testcase classname="api.test.UserTestThroughPropertiesFile" name="testPostUser" time="1.904"/>
  <testcase classname="api.test.UserTestThroughPropertiesFile" name="testGetUser" time="1.163"/>
  <testcase classname="api.test.UserTestThroughPropertiesFile" name="testUpdateUserByName" time="2.18"/>
  <testcase classname="api.test.UserTestThroughPropertiesFile" name="testDeleteByName" time="1.09"/>
</testsuite> <!-- PetTest -->
